<?xml version="1.0" encoding="UTF-8"?>
<!-- Generated by org.testng.reporters.JUnitReportReporter -->
<testsuite hostname="vadivel" failures="0" tests="1" name="dockerIntegration.dockerintergration2" time="16.597" errors="0" timestamp="2023-11-02T12:26:20 IST" skipped="0">
  <testcase classname="dockerIntegration.dockerintergration2" name="firstTest" time="16.597"/>
  <system-out/>
</testsuite> <!-- dockerIntegration.dockerintergration2 -->
