<?xml version="1.0" encoding="UTF-8"?>
<!-- Generated by org.testng.reporters.JUnitReportReporter -->
<testsuite hostname="vadivel" failures="0" tests="2" name="dockerIntegration.dockerIntro" time="53.109" errors="0" timestamp="2023-11-02T12:36:00 IST" skipped="0">
  <testcase classname="dockerIntegration.dockerIntro" name="firstTest" time="32.892"/>
  <system-out/>
  <testcase classname="dockerIntegration.dockerIntro" name="firstTest" time="20.217"/>
  <system-out/>
</testsuite> <!-- dockerIntegration.dockerIntro -->
