<?xml version="1.0" encoding="UTF-8"?>
<!-- Generated by org.testng.reporters.JUnitReportReporter -->
<testsuite hostname="vadivel" failures="0" tests="2" name="dockerIntegration.dockerIntro" time="14.431" errors="0" timestamp="2023-10-30T15:29:55 IST" skipped="0">
  <testcase classname="dockerIntegration.dockerIntro" name="firstTest" time="4.624"/>
  <system-out/>
  <testcase classname="dockerIntegration.dockerIntro" name="secondTest" time="9.807"/>
  <system-out/>
</testsuite> <!-- dockerIntegration.dockerIntro -->
