<?xml version="1.0" encoding="UTF-8"?>
<!-- Generated by org.testng.reporters.JUnitReportReporter -->
<testsuite hostname="vadivel" failures="0" tests="2" name="dockerIntegration.dockerIntro" time="12.635" errors="0" timestamp="2023-11-01T11:39:48 IST" skipped="0">
  <testcase classname="dockerIntegration.dockerIntro" name="firstTest" time="5.043"/>
  <system-out/>
  <testcase classname="dockerIntegration.dockerIntro" name="firstTest" time="7.592"/>
  <system-out/>
</testsuite> <!-- dockerIntegration.dockerIntro -->
